The system is: Windows - 10.0.19042 - AMD64
Compiling the C compiler identification source file "CMakeCCompilerId.c" succeeded.
Compiler: C:/Program Files (x86)/Microsoft Visual Studio/2019/Professional/VC/Tools/MSVC/14.29.30133/bin/Hostx64/x64/cl.exe 
Build flags: 
Id flags:  

The output was:
0
Microsoft (R) C/C++ Optimizing Compiler Version 19.29.30133 for x64
Copyright (C) Microsoft Corporation.  All rights reserved.

CMakeCCompilerId.c
Microsoft (R) Incremental Linker Version 14.29.30133.0
Copyright (C) Microsoft Corporation.  All rights reserved.

/out:CMakeCCompilerId.exe 
CMakeCCompilerId.obj 


Compilation of the C compiler identification source "CMakeCCompilerId.c" produced "CMakeCCompilerId.exe"

Compilation of the C compiler identification source "CMakeCCompilerId.c" produced "CMakeCCompilerId.obj"

The C compiler identification is MSVC, found in "C:/Users/vermakar/Workspace_AffineTransfer/DREAM3D_Plugins/DREAM3DReview/cmake-build-debug/CMakeFiles/3.20.2/CompilerIdC/CMakeCCompilerId.exe"

Compiling the CXX compiler identification source file "CMakeCXXCompilerId.cpp" succeeded.
Compiler: C:/Program Files (x86)/Microsoft Visual Studio/2019/Professional/VC/Tools/MSVC/14.29.30133/bin/Hostx64/x64/cl.exe 
Build flags: 
Id flags:  

The output was:
0
Microsoft (R) C/C++ Optimizing Compiler Version 19.29.30133 for x64
Copyright (C) Microsoft Corporation.  All rights reserved.

CMakeCXXCompilerId.cpp
Microsoft (R) Incremental Linker Version 14.29.30133.0
Copyright (C) Microsoft Corporation.  All rights reserved.

/out:CMakeCXXCompilerId.exe 
CMakeCXXCompilerId.obj 


Compilation of the CXX compiler identification source "CMakeCXXCompilerId.cpp" produced "CMakeCXXCompilerId.exe"

Compilation of the CXX compiler identification source "CMakeCXXCompilerId.cpp" produced "CMakeCXXCompilerId.obj"

The CXX compiler identification is MSVC, found in "C:/Users/vermakar/Workspace_AffineTransfer/DREAM3D_Plugins/DREAM3DReview/cmake-build-debug/CMakeFiles/3.20.2/CompilerIdCXX/CMakeCXXCompilerId.exe"

Detecting C compiler ABI info compiled with the following output:
Change Dir: C:/Users/vermakar/Workspace_AffineTransfer/DREAM3D_Plugins/DREAM3DReview/cmake-build-debug/CMakeFiles/CMakeTmp

Run Build Command(s):C:/Program Files (x86)/Microsoft Visual Studio/2019/Professional/VC/Tools/MSVC/14.29.30133/bin/Hostx64/x64/nmake.exe -f Makefile /nologo cmTC_8aae8\fast && 	"C:\Program Files (x86)\Microsoft Visual Studio\2019\Professional\VC\Tools\MSVC\14.29.30133\bin\Hostx64\x64\nmake.exe"  -f CMakeFiles\cmTC_8aae8.dir\build.make /nologo -L                  CMakeFiles\cmTC_8aae8.dir\build
Building C object CMakeFiles/cmTC_8aae8.dir/CMakeCCompilerABI.c.obj
	"C:\Users\vermakar\AppData\Local\JetBrains\CLion 2021.2\bin\cmake\win\bin\cmake.exe" -E cmake_cl_compile_depends --dep-file=CMakeFiles\cmTC_8aae8.dir\CMakeCCompilerABI.c.obj.d --working-dir=C:\Users\vermakar\Workspace_AffineTransfer\DREAM3D_Plugins\DREAM3DReview\cmake-build-debug\CMakeFiles\CMakeTmp --filter-prefix="" -- C:\PROGRA~2\MIB055~1\2019\PROFES~1\VC\Tools\MSVC\1429~1.301\bin\Hostx64\x64\cl.exe @C:\Users\vermakar\AppData\Local\Temp\nm2725.tmp
Linking C executable cmTC_8aae8.exe
	"C:\Users\vermakar\AppData\Local\JetBrains\CLion 2021.2\bin\cmake\win\bin\cmake.exe" -E vs_link_exe --intdir=CMakeFiles\cmTC_8aae8.dir --rc=C:\PROGRA~2\WI3CF2~1\10\bin\100190~1.0\x64\rc.exe --mt=C:\PROGRA~2\WI3CF2~1\10\bin\100190~1.0\x64\mt.exe --manifests -- C:\PROGRA~2\MIB055~1\2019\PROFES~1\VC\Tools\MSVC\1429~1.301\bin\Hostx64\x64\link.exe /nologo @CMakeFiles\cmTC_8aae8.dir\objects1.rsp @C:\Users\vermakar\AppData\Local\Temp\nm2AD0.tmp



Detecting CXX compiler ABI info compiled with the following output:
Change Dir: C:/Users/vermakar/Workspace_AffineTransfer/DREAM3D_Plugins/DREAM3DReview/cmake-build-debug/CMakeFiles/CMakeTmp

Run Build Command(s):C:/Program Files (x86)/Microsoft Visual Studio/2019/Professional/VC/Tools/MSVC/14.29.30133/bin/Hostx64/x64/nmake.exe -f Makefile /nologo cmTC_b4d60\fast && 	"C:\Program Files (x86)\Microsoft Visual Studio\2019\Professional\VC\Tools\MSVC\14.29.30133\bin\Hostx64\x64\nmake.exe"  -f CMakeFiles\cmTC_b4d60.dir\build.make /nologo -L                  CMakeFiles\cmTC_b4d60.dir\build
Building CXX object CMakeFiles/cmTC_b4d60.dir/CMakeCXXCompilerABI.cpp.obj
	"C:\Users\vermakar\AppData\Local\JetBrains\CLion 2021.2\bin\cmake\win\bin\cmake.exe" -E cmake_cl_compile_depends --dep-file=CMakeFiles\cmTC_b4d60.dir\CMakeCXXCompilerABI.cpp.obj.d --working-dir=C:\Users\vermakar\Workspace_AffineTransfer\DREAM3D_Plugins\DREAM3DReview\cmake-build-debug\CMakeFiles\CMakeTmp --filter-prefix="" -- C:\PROGRA~2\MIB055~1\2019\PROFES~1\VC\Tools\MSVC\1429~1.301\bin\Hostx64\x64\cl.exe @C:\Users\vermakar\AppData\Local\Temp\nm2FFF.tmp
Linking CXX executable cmTC_b4d60.exe
	"C:\Users\vermakar\AppData\Local\JetBrains\CLion 2021.2\bin\cmake\win\bin\cmake.exe" -E vs_link_exe --intdir=CMakeFiles\cmTC_b4d60.dir --rc=C:\PROGRA~2\WI3CF2~1\10\bin\100190~1.0\x64\rc.exe --mt=C:\PROGRA~2\WI3CF2~1\10\bin\100190~1.0\x64\mt.exe --manifests -- C:\PROGRA~2\MIB055~1\2019\PROFES~1\VC\Tools\MSVC\1429~1.301\bin\Hostx64\x64\link.exe /nologo @CMakeFiles\cmTC_b4d60.dir\objects1.rsp @C:\Users\vermakar\AppData\Local\Temp\nm32CF.tmp



